# JRE version: Java(TM) SE Runtime Environment (13.0.1+9) (build 13.0.1+9)
# Java VM: Java HotSpot(TM) 64-Bit Server VM (13.0.1+9, mixed mode, sharing, tiered, compressed oops, g1 gc, windows-amd64)
Heap:
 garbage-first heap   total 372736K, used 126376K [0x00000000c0000000, 0x0000000100000000)
  region size 1024K, 23 young (23552K), 6 survivors (6144K)
 Metaspace       used 76131K, capacity 79306K, committed 79616K, reserved 1120256K
  class space    used 7219K, capacity 8372K, committed 8448K, reserved 1048576K
GC Heap History (20 events):
Event: 114221.538 GC heap before
{Heap before GC invocations=296 (full 0):
 garbage-first heap   total 372736K, used 173856K [0x00000000c0000000, 0x0000000100000000)
  region size 1024K, 74 young (75776K), 5 survivors (5120K)
 Metaspace       used 75453K, capacity 78595K, committed 78720K, reserved 1120256K
  class space    used 7131K, capacity 8263K, committed 8320K, reserved 1048576K
}
Event: 114221.560 GC heap after
{Heap after GC invocations=297 (full 0):
 garbage-first heap   total 372736K, used 105002K [0x00000000c0000000, 0x0000000100000000)
  region size 1024K, 5 young (5120K), 5 survivors (5120K)
 Metaspace       used 75453K, capacity 78595K, committed 78720K, reserved 1120256K
  class space    used 7131K, capacity 8263K, committed 8320K, reserved 1048576K
}
Event: 114244.199 GC heap before
{Heap before GC invocations=298 (full 0):
 garbage-first heap   total 372736K, used 200234K [0x00000000c0000000, 0x0000000100000000)
  region size 1024K, 99 young (101376K), 5 survivors (5120K)
 Metaspace       used 75456K, capacity 78595K, committed 78720K, reserved 1120256K
  class space    used 7131K, capacity 8263K, committed 8320K, reserved 1048576K
}
Event: 114244.219 GC heap after
{Heap after GC invocations=299 (full 0):
 garbage-first heap   total 372736K, used 105569K [0x00000000c0000000, 0x0000000100000000)
  region size 1024K, 6 young (6144K), 6 survivors (6144K)
 Metaspace       used 75456K, capacity 78595K, committed 78720K, reserved 1120256K
  class space    used 7131K, capacity 8263K, committed 8320K, reserved 1048576K
}
Event: 114254.304 GC heap before
{Heap before GC invocations=299 (full 0):
 garbage-first heap   total 372736K, used 238689K [0x00000000c0000000, 0x0000000100000000)
  region size 1024K, 136 young (139264K), 6 survivors (6144K)
 Metaspace       used 75463K, capacity 78595K, committed 78720K, reserved 1120256K
  class space    used 7131K, capacity 8263K, committed 8320K, reserved 1048576K
}
Event: 114254.722 GC heap after
{Heap after GC invocations=300 (full 0):
 garbage-first heap   total 372736K, used 105094K [0x00000000c0000000, 0x0000000100000000)
  region size 1024K, 5 young (5120K), 5 survivors (5120K)
 Metaspace       used 75463K, capacity 78595K, committed 78720K, reserved 1120256K
  class space    used 7131K, capacity 8263K, committed 8320K, reserved 1048576K
}
Event: 114257.924 GC heap before
{Heap before GC invocations=301 (full 0):
 garbage-first heap   total 372736K, used 133766K [0x00000000c0000000, 0x0000000100000000)
  region size 1024K, 33 young (33792K), 5 survivors (5120K)
 Metaspace       used 75463K, capacity 78595K, committed 78720K, reserved 1120256K
  class space    used 7131K, capacity 8263K, committed 8320K, reserved 1048576K
}
Event: 114258.207 GC heap after
{Heap after GC invocations=302 (full 0):
 garbage-first heap   total 372736K, used 102720K [0x00000000c0000000, 0x0000000100000000)
  region size 1024K, 1 young (1024K), 1 survivors (1024K)
 Metaspace       used 75463K, capacity 78595K, committed 78720K, reserved 1120256K
  class space    used 7131K, capacity 8263K, committed 8320K, reserved 1048576K
}
Event: 114258.300 GC heap before
{Heap before GC invocations=302 (full 0):
 garbage-first heap   total 372736K, used 119104K [0x00000000c0000000, 0x0000000100000000)
  region size 1024K, 18 young (18432K), 1 survivors (1024K)
 Metaspace       used 75463K, capacity 78595K, committed 78720K, reserved 1120256K
  class space    used 7131K, capacity 8263K, committed 8320K, reserved 1048576K
}
Event: 114258.363 GC heap after
{Heap after GC invocations=303 (full 0):
 garbage-first heap   total 372736K, used 107709K [0x00000000c0000000, 0x0000000100000000)
  region size 1024K, 3 young (3072K), 3 survivors (3072K)
 Metaspace       used 75463K, capacity 78595K, committed 78720K, reserved 1120256K
  class space    used 7131K, capacity 8263K, committed 8320K, reserved 1048576K
}
Event: 114259.174 GC heap before
{Heap before GC invocations=304 (full 0):
 garbage-first heap   total 372736K, used 157376K [0x00000000c0000000, 0x0000000100000000)
  region size 1024K, 52 young (53248K), 3 survivors (3072K)
 Metaspace       used 75463K, capacity 78595K, committed 78720K, reserved 1120256K
  class space    used 7131K, capacity 8263K, committed 8320K, reserved 1048576K
}
Event: 114259.191 GC heap after
{Heap after GC invocations=305 (full 0):
 garbage-first heap   total 372736K, used 106294K [0x00000000c0000000, 0x0000000100000000)
  region size 1024K, 3 young (3072K), 3 survivors (3072K)
 Metaspace       used 75463K, capacity 78595K, committed 78720K, reserved 1120256K
  class space    used 7131K, capacity 8263K, committed 8320K, reserved 1048576K
}
Event: 114260.050 GC heap before
{Heap before GC invocations=305 (full 0):
 garbage-first heap   total 372736K, used 131894K [0x00000000c0000000, 0x0000000100000000)
  region size 1024K, 29 young (29696K), 3 survivors (3072K)
 Metaspace       used 75467K, capacity 78595K, committed 78720K, reserved 1120256K
  class space    used 7131K, capacity 8263K, committed 8320K, reserved 1048576K
}
Event: 114260.093 GC heap after
{Heap after GC invocations=306 (full 0):
 garbage-first heap   total 372736K, used 108443K [0x00000000c0000000, 0x0000000100000000)
  region size 1024K, 4 young (4096K), 4 survivors (4096K)
 Metaspace       used 75467K, capacity 78595K, committed 78720K, reserved 1120256K
  class space    used 7131K, capacity 8263K, committed 8320K, reserved 1048576K
}
Event: 114262.501 GC heap before
{Heap before GC invocations=307 (full 0):
 garbage-first heap   total 372736K, used 139163K [0x00000000c0000000, 0x0000000100000000)
  region size 1024K, 38 young (38912K), 4 survivors (4096K)
 Metaspace       used 75482K, capacity 78595K, committed 78720K, reserved 1120256K
  class space    used 7131K, capacity 8263K, committed 8320K, reserved 1048576K
}
Event: 114262.531 GC heap after
{Heap after GC invocations=308 (full 0):
 garbage-first heap   total 372736K, used 107755K [0x00000000c0000000, 0x0000000100000000)
  region size 1024K, 4 young (4096K), 4 survivors (4096K)
 Metaspace       used 75482K, capacity 78595K, committed 78720K, reserved 1120256K
  class space    used 7131K, capacity 8263K, committed 8320K, reserved 1048576K
}
Event: 114262.883 GC heap before
{Heap before GC invocations=308 (full 0):
 garbage-first heap   total 372736K, used 109803K [0x00000000c0000000, 0x0000000100000000)
  region size 1024K, 7 young (7168K), 4 survivors (4096K)
 Metaspace       used 75482K, capacity 78595K, committed 78720K, reserved 1120256K
  class space    used 7131K, capacity 8263K, committed 8320K, reserved 1048576K
}
Event: 114262.936 GC heap after
{Heap after GC invocations=309 (full 0):
 garbage-first heap   total 372736K, used 105705K [0x00000000c0000000, 0x0000000100000000)
  region size 1024K, 1 young (1024K), 1 survivors (1024K)
 Metaspace       used 75482K, capacity 78595K, committed 78720K, reserved 1120256K
  class space    used 7131K, capacity 8263K, committed 8320K, reserved 1048576K
}
Event: 114267.530 GC heap before
{Heap before GC invocations=310 (full 0):
 garbage-first heap   total 372736K, used 171241K [0x00000000c0000000, 0x0000000100000000)
  region size 1024K, 64 young (65536K), 1 survivors (1024K)
 Metaspace       used 76100K, capacity 79210K, committed 79360K, reserved 1120256K
  class space    used 7213K, capacity 8340K, committed 8448K, reserved 1048576K
}
Event: 114267.555 GC heap after
{Heap after GC invocations=311 (full 0):
 garbage-first heap   total 372736K, used 109992K [0x00000000c0000000, 0x0000000100000000)
  region size 1024K, 6 young (6144K), 6 survivors (6144K)
 Metaspace       used 76100K, capacity 79210K, committed 79360K, reserved 1120256K
  class space    used 7213K, capacity 8340K, committed 8448K, reserved 1048576K
}

